<?xml version="1.0" encoding="UTF-8"?>
<testng-results ignored="0" total="1" passed="1" failed="0" skipped="0">
  <reporter-output>
  </reporter-output>
  <suite started-at="2020-06-02T14:00:42 EDT" name="Default suite" finished-at="2020-06-02T14:00:50 EDT" duration-ms="8265">
    <groups>
    </groups>
    <test started-at="2020-06-02T14:00:42 EDT" name="Default test" finished-at="2020-06-02T14:00:50 EDT" duration-ms="8265">
      <class name="com.inetbanking.testCases.TC_LoginTest_001">
        <test-method is-config="true" signature="setup()[pri:0, instance:com.inetbanking.testCases.TC_LoginTest_001@4e91d63f]" started-at="2020-06-02T14:00:42 EDT" name="setup" finished-at="2020-06-02T14:00:46 EDT" duration-ms="4353" status="PASS">
          <reporter-output>
          </reporter-output>
        </test-method> <!-- setup -->
        <test-method signature="loginTest()[pri:0, instance:com.inetbanking.testCases.TC_LoginTest_001@4e91d63f]" started-at="2020-06-02T14:00:47 EDT" name="loginTest" finished-at="2020-06-02T14:00:50 EDT" duration-ms="3222" status="PASS">
          <reporter-output>
          </reporter-output>
        </test-method> <!-- loginTest -->
        <test-method is-config="true" signature="tearDown()[pri:0, instance:com.inetbanking.testCases.TC_LoginTest_001@4e91d63f]" started-at="2020-06-02T14:00:50 EDT" name="tearDown" finished-at="2020-06-02T14:00:50 EDT" duration-ms="636" status="PASS">
          <reporter-output>
          </reporter-output>
        </test-method> <!-- tearDown -->
      </class> <!-- com.inetbanking.testCases.TC_LoginTest_001 -->
    </test> <!-- Default test -->
  </suite> <!-- Default suite -->
</testng-results>
